g:\workspace\3druanxuanran\ranxuanranqi\x64\debug\vc141.pdb
g:\workspace\3druanxuanran\ranxuanranqi\x64\debug\vc141.idb
g:\workspace\3druanxuanran\ranxuanranqi\x64\debug\transform.obj
g:\workspace\3druanxuanran\ranxuanranqi\x64\debug\render.obj
g:\workspace\3druanxuanran\ranxuanranqi\x64\debug\device.obj
g:\workspace\3druanxuanran\ranxuanranqi\x64\debug\camera.obj
g:\workspace\3druanxuanran\ranxuanranqi\x64\debug\matrix.obj
g:\workspace\3druanxuanran\ranxuanranqi\x64\debug\main.obj
g:\workspace\3druanxuanran\x64\debug\ranxuanranqi.exe
g:\workspace\3druanxuanran\x64\debug\ranxuanranqi.ilk
g:\workspace\3druanxuanran\x64\debug\ranxuanranqi.pdb
g:\workspace\3druanxuanran\ranxuanranqi\x64\debug\vcpkg.applocal.log
g:\workspace\3druanxuanran\ranxuanranqi\x64\debug\vc140.idb
g:\workspace\3druanxuanran\ranxuanranqi\x64\debug\vc140.pdb
g:\workspace\3druanxuanran\ranxuanranqi\x64\debug\ranxuanranqi.tlog\cl.command.1.tlog
g:\workspace\3druanxuanran\ranxuanranqi\x64\debug\ranxuanranqi.tlog\cl.read.1.tlog
g:\workspace\3druanxuanran\ranxuanranqi\x64\debug\ranxuanranqi.tlog\cl.write.1.tlog
g:\workspace\3druanxuanran\ranxuanranqi\x64\debug\ranxuanranqi.tlog\link.command.1.tlog
g:\workspace\3druanxuanran\ranxuanranqi\x64\debug\ranxuanranqi.tlog\link.delete.1.tlog
g:\workspace\3druanxuanran\ranxuanranqi\x64\debug\ranxuanranqi.tlog\link.read.1.tlog
g:\workspace\3druanxuanran\ranxuanranqi\x64\debug\ranxuanranqi.tlog\link.write.1.tlog
g:\workspace\3druanxuanran\ranxuanranqi\x64\debug\ranxuanranqi.tlog\ranxuanranqi.write.1u.tlog
