d:\codespace\3druanxuanran\3druanxuanran-7eea0cfa124e74bbd167380a75d6c098c6c6aeeb\ruanxuanran\ranxuanranqi\debug\vc140.pdb
d:\codespace\3druanxuanran\3druanxuanran-7eea0cfa124e74bbd167380a75d6c098c6c6aeeb\ruanxuanran\ranxuanranqi\debug\vc140.idb
d:\codespace\3druanxuanran\3druanxuanran-7eea0cfa124e74bbd167380a75d6c098c6c6aeeb\ruanxuanran\ranxuanranqi\debug\camera.obj
d:\codespace\3druanxuanran\3druanxuanran-7eea0cfa124e74bbd167380a75d6c098c6c6aeeb\ruanxuanran\ranxuanranqi\debug\device.obj
d:\codespace\3druanxuanran\3druanxuanran-7eea0cfa124e74bbd167380a75d6c098c6c6aeeb\ruanxuanran\ranxuanranqi\debug\main.obj
d:\codespace\3druanxuanran\3druanxuanran-7eea0cfa124e74bbd167380a75d6c098c6c6aeeb\ruanxuanran\ranxuanranqi\debug\render.obj
d:\codespace\3druanxuanran\3druanxuanran-7eea0cfa124e74bbd167380a75d6c098c6c6aeeb\ruanxuanran\ranxuanranqi\debug\transform.obj
d:\codespace\3druanxuanran\3druanxuanran-7eea0cfa124e74bbd167380a75d6c098c6c6aeeb\ruanxuanran\debug\ranxuanranqi.pdb
d:\codespace\3druanxuanran\3druanxuanran-7eea0cfa124e74bbd167380a75d6c098c6c6aeeb\ruanxuanran\ranxuanranqi\debug\ranxuanranqi.tlog\cl.command.1.tlog
d:\codespace\3druanxuanran\3druanxuanran-7eea0cfa124e74bbd167380a75d6c098c6c6aeeb\ruanxuanran\ranxuanranqi\debug\ranxuanranqi.tlog\cl.read.1.tlog
d:\codespace\3druanxuanran\3druanxuanran-7eea0cfa124e74bbd167380a75d6c098c6c6aeeb\ruanxuanran\ranxuanranqi\debug\ranxuanranqi.tlog\cl.write.1.tlog
d:\codespace\3druanxuanran\3druanxuanran-7eea0cfa124e74bbd167380a75d6c098c6c6aeeb\ruanxuanran\ranxuanranqi\debug\ranxuanranqi.tlog\link-cvtres.read.1.tlog
d:\codespace\3druanxuanran\3druanxuanran-7eea0cfa124e74bbd167380a75d6c098c6c6aeeb\ruanxuanran\ranxuanranqi\debug\ranxuanranqi.tlog\link-cvtres.write.1.tlog
d:\codespace\3druanxuanran\3druanxuanran-7eea0cfa124e74bbd167380a75d6c098c6c6aeeb\ruanxuanran\ranxuanranqi\debug\ranxuanranqi.tlog\link-rc.read.1.tlog
d:\codespace\3druanxuanran\3druanxuanran-7eea0cfa124e74bbd167380a75d6c098c6c6aeeb\ruanxuanran\ranxuanranqi\debug\ranxuanranqi.tlog\link-rc.write.1.tlog
d:\codespace\3druanxuanran\3druanxuanran-7eea0cfa124e74bbd167380a75d6c098c6c6aeeb\ruanxuanran\ranxuanranqi\debug\ranxuanranqi.tlog\link.9088-cvtres.read.1.tlog
d:\codespace\3druanxuanran\3druanxuanran-7eea0cfa124e74bbd167380a75d6c098c6c6aeeb\ruanxuanran\ranxuanranqi\debug\ranxuanranqi.tlog\link.9088-cvtres.write.1.tlog
d:\codespace\3druanxuanran\3druanxuanran-7eea0cfa124e74bbd167380a75d6c098c6c6aeeb\ruanxuanran\ranxuanranqi\debug\ranxuanranqi.tlog\link.9088-rc.read.1.tlog
d:\codespace\3druanxuanran\3druanxuanran-7eea0cfa124e74bbd167380a75d6c098c6c6aeeb\ruanxuanran\ranxuanranqi\debug\ranxuanranqi.tlog\link.9088-rc.write.1.tlog
d:\codespace\3druanxuanran\3druanxuanran-7eea0cfa124e74bbd167380a75d6c098c6c6aeeb\ruanxuanran\ranxuanranqi\debug\ranxuanranqi.tlog\link.9088.read.1.tlog
d:\codespace\3druanxuanran\3druanxuanran-7eea0cfa124e74bbd167380a75d6c098c6c6aeeb\ruanxuanran\ranxuanranqi\debug\ranxuanranqi.tlog\link.9088.write.1.tlog
d:\codespace\3druanxuanran\3druanxuanran-7eea0cfa124e74bbd167380a75d6c098c6c6aeeb\ruanxuanran\ranxuanranqi\debug\ranxuanranqi.tlog\link.command.1.tlog
d:\codespace\3druanxuanran\3druanxuanran-7eea0cfa124e74bbd167380a75d6c098c6c6aeeb\ruanxuanran\ranxuanranqi\debug\ranxuanranqi.tlog\link.read.1.tlog
d:\codespace\3druanxuanran\3druanxuanran-7eea0cfa124e74bbd167380a75d6c098c6c6aeeb\ruanxuanran\ranxuanranqi\debug\ranxuanranqi.tlog\link.write.1.tlog
