  main.cpp
d:\codespace\3druanxuanran\3druanxuanran-7eea0cfa124e74bbd167380a75d6c098c6c6aeeb\ruanxuanran\ranxuanranqi\main.cpp(41): warning C4305: “参数”: 从“double”到“float”截断
d:\codespace\3druanxuanran\3druanxuanran-7eea0cfa124e74bbd167380a75d6c098c6c6aeeb\ruanxuanran\ranxuanranqi\main.cpp(42): warning C4305: “参数”: 从“double”到“float”截断
d:\codespace\3druanxuanran\3druanxuanran-7eea0cfa124e74bbd167380a75d6c098c6c6aeeb\ruanxuanran\ranxuanranqi\main.cpp(43): warning C4305: “参数”: 从“double”到“float”截断
d:\codespace\3druanxuanran\3druanxuanran-7eea0cfa124e74bbd167380a75d6c098c6c6aeeb\ruanxuanran\ranxuanranqi\main.cpp(44): warning C4305: “参数”: 从“double”到“float”截断
d:\codespace\3druanxuanran\3druanxuanran-7eea0cfa124e74bbd167380a75d6c098c6c6aeeb\ruanxuanran\ranxuanranqi\main.cpp(47): warning C4244: “=”: 从“Sint32”转换到“float”，可能丢失数据
d:\codespace\3druanxuanran\3druanxuanran-7eea0cfa124e74bbd167380a75d6c098c6c6aeeb\ruanxuanran\ranxuanranqi\main.cpp(48): warning C4244: “=”: 从“Sint32”转换到“float”，可能丢失数据
d:\codespace\3druanxuanran\3druanxuanran-7eea0cfa124e74bbd167380a75d6c098c6c6aeeb\ruanxuanran\ranxuanranqi\main.cpp(51): warning C4244: “=”: 从“Sint32”转换到“float”，可能丢失数据
d:\codespace\3druanxuanran\3druanxuanran-7eea0cfa124e74bbd167380a75d6c098c6c6aeeb\ruanxuanran\ranxuanranqi\main.cpp(52): warning C4244: “=”: 从“Sint32”转换到“float”，可能丢失数据
d:\codespace\3druanxuanran\3druanxuanran-7eea0cfa124e74bbd167380a75d6c098c6c6aeeb\ruanxuanran\ranxuanranqi\main.cpp(54): warning C4305: “*=”: 从“double”到“float”截断
d:\codespace\3druanxuanran\3druanxuanran-7eea0cfa124e74bbd167380a75d6c098c6c6aeeb\ruanxuanran\ranxuanranqi\main.cpp(55): warning C4305: “*=”: 从“double”到“float”截断
d:\codespace\3druanxuanran\3druanxuanran-7eea0cfa124e74bbd167380a75d6c098c6c6aeeb\ruanxuanran\ranxuanranqi\main.cpp(67): warning C4244: “参数”: 从“double”转换到“DWORD”，可能丢失数据
  正在生成代码...
  正在跳过...(未检测到相关更改)
  Render.cpp
    正在创建库 D:\CodeSpace\3dRuanXuanRan\3dRuanXuanRan-7eea0cfa124e74bbd167380a75d6c098c6c6aeeb\RuanXuanRan\Debug\RanXuanRanQi.lib 和对象 D:\CodeSpace\3dRuanXuanRan\3dRuanXuanRan-7eea0cfa124e74bbd167380a75d6c098c6c6aeeb\RuanXuanRan\Debug\RanXuanRanQi.exp
SDL2.lib(SDL_systimer.obj) : error LNK2019: 无法解析的外部符号 __imp__timeGetTime@0，该符号在函数 _SDL_GetTicks_REAL 中被引用
SDL2.lib(SDL_systimer.obj) : error LNK2019: 无法解析的外部符号 __imp__timeBeginPeriod@4，该符号在函数 _SDL_SetSystemTimerResolution 中被引用
SDL2.lib(SDL_systimer.obj) : error LNK2019: 无法解析的外部符号 __imp__timeEndPeriod@4，该符号在函数 _SDL_SetSystemTimerResolution 中被引用
SDL2.lib(SDL_windowskeyboard.obj) : error LNK2019: 无法解析的外部符号 _GetFileVersionInfoSizeA@8，该符号在函数 _IME_GetId 中被引用
SDL2.lib(SDL_windowskeyboard.obj) : error LNK2019: 无法解析的外部符号 _GetFileVersionInfoA@16，该符号在函数 _IME_GetId 中被引用
SDL2.lib(SDL_windowskeyboard.obj) : error LNK2019: 无法解析的外部符号 _VerQueryValueA@16，该符号在函数 _IME_GetId 中被引用
SDL2.lib(SDL_windowskeyboard.obj) : error LNK2019: 无法解析的外部符号 _ImmGetIMEFileNameA@12，该符号在函数 _IME_GetId 中被引用
SDL2.lib(SDL_windowskeyboard.obj) : error LNK2019: 无法解析的外部符号 _ImmGetContext@4，该符号在函数 _IME_ClearComposition 中被引用
SDL2.lib(SDL_windowskeyboard.obj) : error LNK2019: 无法解析的外部符号 _ImmReleaseContext@8，该符号在函数 _IME_ClearComposition 中被引用
SDL2.lib(SDL_windowskeyboard.obj) : error LNK2019: 无法解析的外部符号 _ImmAssociateContext@8，该符号在函数 _IME_Disable 中被引用
SDL2.lib(SDL_windowskeyboard.obj) : error LNK2019: 无法解析的外部符号 _ImmGetCompositionStringW@16，该符号在函数 _IME_GetCompositionString 中被引用
SDL2.lib(SDL_windowskeyboard.obj) : error LNK2019: 无法解析的外部符号 _ImmSetCompositionStringW@24，该符号在函数 _IME_ClearComposition 中被引用
SDL2.lib(SDL_windowskeyboard.obj) : error LNK2019: 无法解析的外部符号 _ImmGetCandidateListW@16，该符号在函数 _IME_GetCandidateList 中被引用
SDL2.lib(SDL_windowskeyboard.obj) : error LNK2019: 无法解析的外部符号 _ImmNotifyIME@16，该符号在函数 _IME_ClearComposition 中被引用
SDL2.lib(SDL_windowskeyboard.obj) : error LNK2019: 无法解析的外部符号 _ImmSetCompositionWindow@8，该符号在函数 _WIN_SetTextInputRect 中被引用
SDL2.lib(SDL_winmm.obj) : error LNK2019: 无法解析的外部符号 __imp__waveOutGetNumDevs@0，该符号在函数 _DetectWaveOutDevs 中被引用
SDL2.lib(SDL_winmm.obj) : error LNK2019: 无法解析的外部符号 __imp__waveOutGetDevCapsW@12，该符号在函数 _DetectWaveOutDevs 中被引用
SDL2.lib(SDL_winmm.obj) : error LNK2019: 无法解析的外部符号 __imp__waveOutGetErrorTextW@12，该符号在函数 _SetMMerror 中被引用
SDL2.lib(SDL_winmm.obj) : error LNK2019: 无法解析的外部符号 __imp__waveOutOpen@24，该符号在函数 _PrepWaveFormat 中被引用
SDL2.lib(SDL_winmm.obj) : error LNK2019: 无法解析的外部符号 __imp__waveOutClose@4，该符号在函数 _WINMM_CloseDevice 中被引用
SDL2.lib(SDL_winmm.obj) : error LNK2019: 无法解析的外部符号 __imp__waveOutPrepareHeader@12，该符号在函数 _WINMM_OpenDevice 中被引用
SDL2.lib(SDL_winmm.obj) : error LNK2019: 无法解析的外部符号 __imp__waveOutUnprepareHeader@12，该符号在函数 _WINMM_CloseDevice 中被引用
SDL2.lib(SDL_winmm.obj) : error LNK2019: 无法解析的外部符号 __imp__waveOutWrite@12，该符号在函数 _WINMM_PlayDevice 中被引用
SDL2.lib(SDL_winmm.obj) : error LNK2019: 无法解析的外部符号 __imp__waveOutReset@4，该符号在函数 _WINMM_CloseDevice 中被引用
SDL2.lib(SDL_winmm.obj) : error LNK2019: 无法解析的外部符号 __imp__waveInGetNumDevs@0，该符号在函数 _DetectWaveInDevs 中被引用
SDL2.lib(SDL_winmm.obj) : error LNK2019: 无法解析的外部符号 __imp__waveInGetDevCapsW@12，该符号在函数 _DetectWaveInDevs 中被引用
SDL2.lib(SDL_winmm.obj) : error LNK2019: 无法解析的外部符号 __imp__waveInOpen@24，该符号在函数 _PrepWaveFormat 中被引用
SDL2.lib(SDL_winmm.obj) : error LNK2019: 无法解析的外部符号 __imp__waveInClose@4，该符号在函数 _WINMM_CloseDevice 中被引用
SDL2.lib(SDL_winmm.obj) : error LNK2019: 无法解析的外部符号 __imp__waveInPrepareHeader@12，该符号在函数 _WINMM_OpenDevice 中被引用
SDL2.lib(SDL_winmm.obj) : error LNK2019: 无法解析的外部符号 __imp__waveInUnprepareHeader@12，该符号在函数 _WINMM_CloseDevice 中被引用
SDL2.lib(SDL_winmm.obj) : error LNK2019: 无法解析的外部符号 __imp__waveInAddBuffer@12，该符号在函数 _WINMM_CaptureFromDevice 中被引用
SDL2.lib(SDL_winmm.obj) : error LNK2019: 无法解析的外部符号 __imp__waveInStart@4，该符号在函数 _WINMM_OpenDevice 中被引用
SDL2.lib(SDL_winmm.obj) : error LNK2019: 无法解析的外部符号 __imp__waveInReset@4，该符号在函数 _WINMM_CloseDevice 中被引用
D:\CodeSpace\3dRuanXuanRan\3dRuanXuanRan-7eea0cfa124e74bbd167380a75d6c098c6c6aeeb\RuanXuanRan\Debug\RanXuanRanQi.exe : fatal error LNK1120: 33 个无法解析的外部命令
