d:\codespace\3druanxuanran\3druanxuanran-7eea0cfa124e74bbd167380a75d6c098c6c6aeeb\ruanxuanran\ranxuanranqi\debug\vc140.pdb
d:\codespace\3druanxuanran\3druanxuanran-7eea0cfa124e74bbd167380a75d6c098c6c6aeeb\ruanxuanran\ranxuanranqi\debug\vc140.idb
d:\codespace\3druanxuanran\3druanxuanran-7eea0cfa124e74bbd167380a75d6c098c6c6aeeb\ruanxuanran\ranxuanranqi\debug\camera.obj
d:\codespace\3druanxuanran\3druanxuanran-7eea0cfa124e74bbd167380a75d6c098c6c6aeeb\ruanxuanran\ranxuanranqi\debug\device.obj
d:\codespace\3druanxuanran\3druanxuanran-7eea0cfa124e74bbd167380a75d6c098c6c6aeeb\ruanxuanran\ranxuanranqi\debug\main.obj
d:\codespace\3druanxuanran\3druanxuanran-7eea0cfa124e74bbd167380a75d6c098c6c6aeeb\ruanxuanran\ranxuanranqi\debug\render.obj
d:\codespace\3druanxuanran\3druanxuanran-7eea0cfa124e74bbd167380a75d6c098c6c6aeeb\ruanxuanran\ranxuanranqi\debug\transform.obj
d:\codespace\3druanxuanran\3druanxuanran-7eea0cfa124e74bbd167380a75d6c098c6c6aeeb\ruanxuanran\debug\ranxuanranqi.lib
d:\codespace\3druanxuanran\3druanxuanran-7eea0cfa124e74bbd167380a75d6c098c6c6aeeb\ruanxuanran\debug\ranxuanranqi.exp
g:\workspace\3druanxuanran\ranxuanranqi\debug\camera.obj
g:\workspace\3druanxuanran\ranxuanranqi\debug\device.obj
g:\workspace\3druanxuanran\ranxuanranqi\debug\main.obj
g:\workspace\3druanxuanran\ranxuanranqi\debug\render.obj
g:\workspace\3druanxuanran\ranxuanranqi\debug\transform.obj
g:\workspace\3druanxuanran\ranxuanranqi\debug\vc140.idb
g:\workspace\3druanxuanran\ranxuanranqi\debug\vc140.pdb
g:\workspace\3druanxuanran\debug\ranxuanranqi.pdb
g:\workspace\3druanxuanran\ranxuanranqi\debug\ranxuanranqi.tlog\cl.command.1.tlog
g:\workspace\3druanxuanran\ranxuanranqi\debug\ranxuanranqi.tlog\cl.read.1.tlog
g:\workspace\3druanxuanran\ranxuanranqi\debug\ranxuanranqi.tlog\cl.write.1.tlog
g:\workspace\3druanxuanran\ranxuanranqi\debug\ranxuanranqi.tlog\link-cvtres.read.1.tlog
g:\workspace\3druanxuanran\ranxuanranqi\debug\ranxuanranqi.tlog\link-cvtres.write.1.tlog
g:\workspace\3druanxuanran\ranxuanranqi\debug\ranxuanranqi.tlog\link-rc.read.1.tlog
g:\workspace\3druanxuanran\ranxuanranqi\debug\ranxuanranqi.tlog\link-rc.write.1.tlog
g:\workspace\3druanxuanran\ranxuanranqi\debug\ranxuanranqi.tlog\link.24808-cvtres.read.1.tlog
g:\workspace\3druanxuanran\ranxuanranqi\debug\ranxuanranqi.tlog\link.24808-cvtres.write.1.tlog
g:\workspace\3druanxuanran\ranxuanranqi\debug\ranxuanranqi.tlog\link.24808-rc.read.1.tlog
g:\workspace\3druanxuanran\ranxuanranqi\debug\ranxuanranqi.tlog\link.24808-rc.write.1.tlog
g:\workspace\3druanxuanran\ranxuanranqi\debug\ranxuanranqi.tlog\link.24808.read.1.tlog
g:\workspace\3druanxuanran\ranxuanranqi\debug\ranxuanranqi.tlog\link.24808.write.1.tlog
g:\workspace\3druanxuanran\ranxuanranqi\debug\ranxuanranqi.tlog\link.command.1.tlog
g:\workspace\3druanxuanran\ranxuanranqi\debug\ranxuanranqi.tlog\link.read.1.tlog
g:\workspace\3druanxuanran\ranxuanranqi\debug\ranxuanranqi.tlog\link.write.1.tlog
g:\workspace\3druanxuanran\ranxuanranqi\debug\ranxuanranqi.tlog\ranxuanranqi.write.1u.tlog
